1151678164000 0.999968 0.999968
1151799480043 0.999968 0.999968
1151920795086 0.999968 0.999968
1152042110129 1.000000 0.999968
1152163425172 0.999968 0.998650
1152284740215 0.999968 0.500000
1152406055258 0.000000 0.999968
1152527370301 1.000000 0.999968
1152648685344 1.000000 0.500000
1152770000387 1.000000 0.500000
1152891315430 1.000000 0.999968
1153012630473 0.999968 0.977250
1153133945516 0.999968 0.977250
1153255260559 1.000000 0.999968
1153376575602 0.500000 0.977250
1153497890645 0.999968 0.500000
1153619205688 0.999968 0.977250
1153740520731 0.999968 0.999968
1153861835774 1.000000 0.999968
1153983150817 0.999968 1.000000
1154104465860 0.999968 1.000000
1154225780903 0.999968 1.000000
1154347095946 0.500000 0.999968
1154468410989 0.999968 0.999968
1154589726032 0.999968 0.999968
1154711041075 0.000000 0.500000
1154832356118 0.000000 0.999968
1154953671161 0.000032 0.999968
1155074986204 0.001350 0.999968
1155196301247 0.841345 1.000000
1155317616290 0.999968 0.000000
1155438931333 0.500000 0.998650
1155560246376 0.999968 0.999968
1155681561419 0.999968 0.999968
1155802876462 1.000000 1.000000
1155924191505 1.000000 0.977250
1156045506548 0.999968 0.999968
1156166821591 0.999968 0.999968
1156288136634 0.999968 0.999968
1156409451677 1.000000 0.999968
1156530766720 0.999968 0.841345
1156652081763 1.000000 1.000000
1156773396806 1.000000 1.000000
1156894711849 0.999968 0.998650
1157016026892 1.000000 0.998650
1157137341935 0.000000 1.000000
1157258656978 0.000000 0.999968
1157379972021 0.000000 0.000000
1157501287064 0.999968 1.000000
1157622602107 0.999968 0.000000
1157743917150 0.998650 0.000000
1157865232193 0.998650 0.500000
1157986547236 1.000000 0.841345
1158107862279 0.999968 0.999968
1158229177322 0.999968 0.999968
1158350492365 1.000000 0.999968
1158471807408 1.000000 0.999968
1158593122451 0.500000 0.999968
1158714437494 0.999968 1.000000
1158835752537 0.999968 1.000000
1158957067580 0.999968 0.999968
1159078382623 0.999968 1.000000
1159199697666 1.000000 0.999968
1159321012709 0.998650 0.999968
1159442327752 0.841345 0.999968
1159563642795 0.999968 0.999968
1159684957838 1.000000 0.999968
1159806272881 1.000000 0.999968
1159927587924 0.977250 0.000000
1160048902967 0.999968 0.000000
1160170218010 0.999968 0.977250
1160291533053 0.999968 0.999968
1160412848096 0.999968 0.999968
1160534163139 0.999968 1.000000
1160655478182 1.000000 0.500000
1160776793225 0.998650 0.977250
1160898108268 0.977250 1.000000
1161019423311 0.998650 0.977250
1161140738354 0.998650 1.000000
1161262053397 0.999968 0.999968
1161383368440 1.000000 0.977250
1161504683483 0.999968 1.000000
1161625998526 0.999968 0.999968
1161747313569 0.000000 0.999968
1161868628612 0.841345 0.999968
1161989943655 0.999968 0.999968
1162111258698 0.999968 1.000000
1162232573741 0.999968 0.000000
1162353888784 0.000000 0.000000
1162475203827 0.999968 0.999968
1162596518870 0.999968 1.000000
1162717833913 1.000000 0.999968
1162839148956 0.999968 0.999968
1162960463999 1.000000 1.000000
1163081779042 0.999968 0.998650
1163203094085 0.999968 0.998650
1163324409128 0.500000 1.000000
1163445724171 1.000000 1.000000
1163567039214 0.999968 0.999968
1163688354257 0.999968 0.999968
1163809669300 0.841345 1.000000
1163930984343 0.999968 0.999968
1164052299386 0.000000 0.999968
1164173614429 0.000000 0.998650
1164294929472 0.841345 0.999968
1164416244515 0.999968 0.999968
1164537559558 0.999968 1.000000
1164658874601 1.000000 0.977250
1164780189644 0.500000 0.999968
1164901504687 0.999968 0.999968
1165022819730 0.999968 0.500000
1165144134773 0.999968 1.000000
1165265449816 0.999968 0.999968
1165386764859 1.000000 0.500000
1165508079902 0.999968 0.500000
1165629394945 0.999968 0.999968
1165750709988 0.977250 0.999968
1165872025031 0.999968 0.000000
1165993340074 0.841345 0.000000
1166114655117 0.999968 0.999968
1166235970160 1.000000 0.999968
1166357285203 1.000000 1.000000
1166478600246 0.999968 0.841345
1166599915289 1.000000 0.841345
1166721230332 0.999968 0.500000
1166842545375 0.999968 1.000000
1166963860418 0.999968 0.999968
1167085175461 1.000000 0.999968
1167206490504 0.000000 0.999968
1167327805547 0.000000 0.999968
1167449120590 0.841345 0.999968
1167570435633 0.999968 0.841345
1167691750676 0.999968 1.000000
1167813065719 0.999968 0.999968
1167934380762 0.999968 0.999968
1168055695805 0.977250 0.999968
1168177010848 0.999968 0.999968
1168298325891 0.158655 0.999968
1168419640934 0.999968 0.999968
1168540955977 0.500000 1.000000
1168662271020 0.158655 0.999968
1168783586063 1.000000 0.999968
1168904901106 0.999968 0.000000
1169026216149 0.000032 0.001350
1169147531192 0.999968 0.977250
1169268846235 0.999968 0.999968
1169390161278 0.999968 0.998650
1169511476321 0.999968 0.841345
1169632791364 0.999968 0.999968
1169754106407 0.999968 0.999968
1169875421450 0.999968 0.999968
1169996736493 0.999968 1.000000
1170118051536 0.999968 0.999968
1170239366579 0.000000 1.000000
1170360681622 0.000000 0.999968
1170481996665 0.158655 0.999968
1170603311708 0.999968 0.999968
1170724626751 0.999968 0.999968
1170845941794 0.998650 0.999968
1170967256837 0.500000 0.999968
1171088571880 0.841345 0.999968
1171209886923 0.977250 1.000000
1171331201966 0.999968 0.000000
1171452517009 0.999968 0.158655
1171573832052 0.999968 0.999968
1171695147095 0.977250 0.998650
1171816462138 0.999968 1.000000
1171937777181 0.999968 0.999968
1172059092224 1.000000 1.000000
1172180407267 0.841345 0.977250
1172301722310 0.841345 0.977250
1172423037353 0.999968 0.999968
1172544352396 0.000000 0.999968
1172665667439 0.001350 1.000000
1172786982482 0.998650 0.999968
1172908297525 0.999968 0.158655
1173029612568 0.999968 0.158655
1173150927611 0.500000 0.999968
1173272242654 0.998650 0.841345
1173393557697 0.999968 0.999968
1173514872740 0.998650 0.500000
1173636187783 1.000000 0.000000
1173757502826 0.500000 0.999968
1173878817869 0.999968 0.977250
1174000132912 0.998650 0.841345
1174121447955 0.999968 1.000000
1174242762998 0.999968 0.158655
1174364078041 0.999968 1.000000
1174485393084 0.999968 0.998650
1174606708127 1.000000 0.999968
1174728023170 0.999968 0.999968
1174849338213 0.999968 0.999968
1174970653256 0.999968 0.999968
1175091968299 0.841345 0.999968
1175213283342 0.841345 0.999968
1175334598385 1.000000 0.999968
1175455913428 1.000000 0.999968
1175577228471 0.999968 1.000000
1175698543514 0.999968 0.500000
1175819858557 1.000000 0.841345
1175941173600 1.000000 0.000000
1176062488643 0.999968 0.000000
1176183803686 0.999968 0.000000
1176305118729 0.999968 0.000000
1176426433772 0.999968 0.999968
1176547748815 0.999968 0.022750
1176669063858 0.999968 0.841345
1176790378901 0.999968 1.000000
1176911693944 0.999968 0.000000
1177033008987 1.000000 0.999968
1177154324030 0.999968 0.998650
1177275639073 0.000000 0.999968
1177396954116 0.000000 1.000000
1177518269159 0.158655 0.998650
1177639584202 0.000000 0.999968
1177760899245 0.999968 0.999968
1177882214288 0.999968 0.999968
1178003529331 0.999968 0.999968
1178124844374 0.998650 0.999968
1178246159417 0.999968 0.999968
1178367474460 0.999968 0.841345
1178488789503 0.998650 0.999968
1178610104546 1.000000 0.999968
1178731419589 0.999968 0.999968
1178852734632 0.500000 0.999968
1178974049675 0.500000 1.000000
1179095364718 0.999968 0.999968
1179216679761 0.999968 0.999968
1179337994804 0.000000 0.000000
1179459309847 0.000000 1.000000
1179580624890 0.999968 1.000000
1179701939933 0.999968 1.000000
1179823254976 1.000000 1.000000
1179944570019 0.841345 0.999968
1180065885062 0.841345 0.999968
1180187200105 0.500000 1.000000
1180308515148 1.000000 0.500000
1180429830191 0.999968 0.999968
1180551145234 0.999968 0.999968
1180672460277 0.999968 0.999968
1180793775320 0.999968 1.000000
1180915090363 0.999968 0.999968
1181036405406 0.841345 0.999968
1181157720449 1.000000 0.999968
1181279035492 0.999968 0.500000
1181400350535 0.999968 0.999968
1181521665578 0.999968 0.999968
1181642980621 0.999968 0.000000
1181764295664 0.999968 0.000000
1181885610707 0.999968 0.000032
1182006925750 1.000000 0.001350
1182128240793 0.999968 0.841345
1182249555836 0.999968 0.999968
1182370870879 0.000000 0.500000
1182492185922 0.001350 0.999968
1182613500965 0.977250 0.999968
1182734816008 0.999968 1.000000
1182856131051 0.998650 1.000000
1182977446094 0.841345 0.999968
1183098761137 0.999968 0.999968
1183220076180 0.999968 0.999968
1183341391223 0.999968 1.000000
1183462706266 1.000000 0.999968
1183584021309 0.999968 1.000000
1183705336352 1.000000 1.000000
1183826651395 0.999968 0.999968
1183947966438 0.999968 1.000000
1184069281481 0.999968 0.000000
1184190596524 0.999968 0.000000
1184311911567 0.999968 0.000000
1184433226610 0.999968 0.999968
1184554541653 0.999968 0.999968
1184675856696 1.000000 0.998650
1184797171739 0.000000 0.998650
1184918486782 0.158655 1.000000
1185039801825 0.999968 0.999968
1185161116868 0.998650 0.999968
1185282431911 1.000000 1.000000
1185403746954 0.999968 1.000000
1185525061997 1.000000 0.500000
1185646377040 0.977250 0.999968
1185767692083 0.977250 0.999968
1185889007126 0.999968 0.999968
1186010322169 0.999968 0.999968
1186131637212 1.000000 1.000000
1186252952255 0.999968 0.998650
1186374267298 0.158655 0.841345
1186495582341 0.158655 0.999968
1186616897384 0.999968 1.000000
1186738212427 0.841345 1.000000
1186859527470 0.999968 0.977250
1186980842513 0.500000 0.999968
1187102157556 0.000000 0.999968
1187223472599 0.999968 0.999968
1187344787642 0.977250 0.999968
1187466102685 0.841345 0.999968
1187587417728 1.000000 1.000000
1187708732771 0.158655 0.998650
1187830047814 1.000000 0.977250
1187951362857 0.998650 0.998650
1188072677900 0.999968 0.998650
1188193992943 0.999968 0.999968
1188315307986 0.999968 1.000000
1188436623029 0.999968 0.999968
1188557938072 0.999968 0.999968
1188679253115 0.999968 0.000000
1188800568158 0.999968 0.841345
1188921883201 0.999968 0.999968
1189043198244 1.000000 0.999968
1189164513287 0.500000 0.999968
1189285828330 0.841345 0.000000
1189407143373 0.000000 0.999968
1189528458416 0.000000 0.999968
1189649773459 0.000000 1.000000
1189771088502 0.000000 0.999968
1189892403545 0.999968 1.000000
1190013718588 0.022750 0.999968
1190135033631 0.841345 0.999968
1190256348674 1.000000 0.500000
1190377663717 0.000000 1.000000
1190498978760 0.999968 0.999968
1190620293803 0.998650 0.999968
1190741608846 0.999968 0.841345
1190862923889 1.000000 0.999968
1190984238932 0.998650 0.000000
1191105553975 0.999968 0.000000
1191226869018 0.999968 0.841345
1191348184061 0.999968 0.999968
1191469499104 0.999968 0.999968
1191590814147 0.999968 1.000000
1191712129190 0.999968 0.500000
1191833444233 0.841345 0.999968
1191954759276 0.999968 0.999968
1192076074319 0.999968 0.999968
1192197389362 0.999968 0.999968
1192318704405 0.999968 0.999968
1192440019448 0.999968 0.999968
1192561334491 0.998650 0.999968
1192682649534 0.500000 0.999968
1192803964577 0.999968 0.999968
1192925279620 0.999968 0.998650
1193046594663 0.500000 0.999968
1193167909706 0.500000 1.000000
1193289224749 0.999968 0.999968
1193410539792 0.977250 0.999968
1193531854835 0.977250 0.998650
1193653169878 0.999968 0.999968
1193774484921 0.977250 0.999968
1193895799964 0.500000 0.999968
1194017115007 0.977250 0.999968
1194138430050 0.999968 0.999968
1194259745093 0.999968 0.999968
1194381060136 1.000000 1.000000
1194502375179 1.000000 0.999968
1194623690222 1.000000 0.999968
1194745005265 0.999968 0.999968
1194866320308 0.999968 0.999968
1194987635351 0.999968 0.999968
1195108950394 0.500000 0.999968
1195230265437 0.999968 0.999968
1195351580480 0.999968 0.999968
1195472895523 0.999968 0.998650
1195594210566 1.000000 0.999968
1195715525609 0.000000 0.999968
1195836840652 0.998650 0.999968
1195958155695 0.999968 0.999968
1196079470738 0.999968 0.000000
1196200785781 1.000000 0.999968
1196322100824 0.977250 0.998650
1196443415867 0.999968 0.999968
1196564730910 0.999968 0.999968
1196686045953 0.999968 0.999968
1196807360996 0.999968 0.999968
1196928676039 0.841345 0.999968
1197049991082 1.000000 0.999968
1197171306125 1.000000 0.999968
1197292621168 0.998650 0.999968
1197413936211 0.998650 0.999968
1197535251254 1.000000 0.999968
1197656566297 0.999968 0.999968
1197777881340 0.000000 0.998650
1197899196383 1.000000 0.999968
1198020511426 0.000000 0.999968
1198141826469 0.000000 0.998650
1198263141512 0.500000 0.999968
1198384456555 0.841345 0.999968
1198505771598 0.999968 1.000000
1198627086641 0.999968 0.999968
1198748401684 0.999968 0.999968
1198869716727 0.999968 0.000000
1198991031770 0.999968 0.999968
1199112346813 1.000000 0.999968
1199233661856 1.000000 0.999968
1199354976899 0.999968 0.999968
1199476291942 1.000000 0.999968
1199597606985 0.999968 0.999968
1199718922028 0.999968 0.999968
1199840237071 0.999968 0.999968
1199961552114 0.999968 0.999968
1200082867157 0.999968 0.999968
1200204182200 0.999968 0.999968
1200325497243 0.000000 0.999968
1200446812286 0.000000 0.998650
1200568127329 0.977250 0.999968
1200689442372 0.999968 1.000000
1200810757415 0.999968 0.999968
1200932072458 1.000000 0.999968
1201053387501 0.500000 0.999968
1201174702544 0.977250 0.999968
1201296017587 1.000000 0.999968
1201417332630 0.977250 0.999968
1201538647673 1.000000 0.999968
1201659962716 0.999968 0.999968
1201781277759 0.977250 0.999968
1201902592802 1.000000 0.999968
1202023907845 0.999968 0.999968
1202145222888 0.999968 0.999968
1202266537931 0.999968 0.999968
1202387852974 0.999968 0.999968
1202509168017 1.000000 0.999968
1202630483060 0.000000 1.000000
1202751798103 0.000000 0.999968
1202873113146 0.999968 0.999968
1202994428189 1.000000 0.999968
1203115743232 0.999968 0.999968
1203237058275 0.999968 0.999968
1203358373318 1.000000 0.999968
1203479688361 0.998650 0.999968
1203601003404 0.998650 0.998650
1203722318447 1.000000 0.999968
1203843633490 1.000000 0.999968
1203964948533 0.999968 0.999968
1204086263576 0.999968 0.999968
1204207578619 1.000000 0.999968
1204328893662 0.999968 0.999968
1204450208705 0.999968 0.999968
1204571523748 0.998650 1.000000
1204692838791 0.999968 0.998650
1204814153834 0.999968 0.999968
1204935468877 1.000000 0.999968
1205056783920 0.977250 0.999968
1205178098963 0.999968 0.999968
1205299414006 0.999968 0.999968
1205420729049 0.500000 0.999968
1205542044092 0.999968 0.999968
1205663359135 0.999968 0.999968
1205784674178 0.999968 1.000000
1205905989221 0.999968 0.999968
1206027304264 0.999968 0.999968
1206148619307 0.999968 0.977250
1206269934350 0.999968 0.999968
1206391249393 0.998650 0.841345
1206512564436 0.999968 0.999968
1206633879479 1.000000 1.000000
1206755194522 0.999968 1.000000
1206876509565 0.999968 0.999968
1206997824608 0.998650 1.000000
1207119139651 0.999968 0.999968
1207240454694 0.999968 0.999968
1207361769737 0.999968 0.999968
1207483084780 0.999968 1.000000
1207604399823 0.999968 0.000000
1207725714866 0.999968 0.000000
1207847029909 1.000000 0.841345
1207968344952 0.999968 0.999968
1208089659995 0.999968 0.999968
1208210975038 0.999968 0.999968
1208332290081 0.999968 0.999968
1208453605124 0.999968 0.977250
1208574920167 0.999968 0.999968
1208696235210 0.999968 0.158655
1208817550253 0.999968 0.999968
1208938865296 0.998650 0.500000
1209060180339 0.999968 0.158655
1209181495382 0.999968 1.000000
1209302810425 0.999968 0.999968
1209424125468 0.999968 0.000032
1209545440511 0.000000 0.999968
1209666755554 0.999968 0.999968
1209788070597 0.998650 0.999968
1209909385640 0.999968 0.999968
1210030700683 0.999968 0.999968
1210152015726 0.999968 0.999968
1210273330769 0.999968 0.999968
1210394645812 0.999968 0.999968
1210515960855 0.999968 0.999968
1210637275898 0.999968 0.000000
1210758590941 0.999968 0.000000
1210879905984 0.999968 0.158655
1211001221027 0.999968 0.999968
1211122536070 0.999968 0.999968
1211243851113 0.998650 0.998650
1211365166156 0.999968 0.500000
1211486481199 0.999968 0.841345
1211607796242 0.998650 0.977250
1211729111285 0.999968 0.999968
1211850426328 0.999968 0.999968
1211971741371 1.000000 0.999968
1212093056414 0.999968 0.977250
1212214371457 0.999968 0.999968
1212335686500 0.000000 0.999968
1212457001543 0.999968 1.000000
1212578316586 0.999968 0.841345
1212699631629 0.999968 0.841345
1212820946672 0.999968 0.999968
1212942261715 0.999968 0.000000
1213063576758 0.999968 0.001350
1213184891801 0.999968 0.998650
1213306206844 0.999968 0.999968
1213427521887 0.999968 0.999968
1213548836930 0.999968 0.500000
1213670151973 0.999968 0.998650
1213791467016 0.999968 0.999968
1213912782059 0.998650 0.998650
1214034097102 0.999968 1.000000
1214155412145 1.000000 0.500000
1214276727188 0.999968 0.999968
1214398042231 0.999968 0.998650
1214519357274 0.999968 0.999968
1214640672317 0.999968 0.999968
1214761987360 0.999968 0.999968
1214883302403 0.999968 0.999968
1215004617446 0.999968 1.000000
1215125932489 0.999968 0.999968
1215247247532 0.999968 0.999968
1215368562575 0.999968 0.999968
1215489877618 0.999968 0.841345
1215611192661 0.999968 0.841345
1215732507704 0.999968 1.000000
1215853822747 0.999968 1.000000
1215975137790 0.999968 0.999968
1216096452833 1.000000 0.999968
1216217767876 0.999968 1.000000
1216339082919 0.999968 1.000000
1216460397962 0.999968 0.999968
1216581713005 0.999968 0.999968
1216703028048 0.999968 0.999968
1216824343091 0.999968 0.999968
1216945658134 0.999968 0.999968
1217066973177 0.998650 0.999968
1217188288220 0.999968 0.999968
1217309603263 0.999968 0.999968
1217430918306 0.999968 1.000000
1217552233349 0.999968 0.999968
1217673548392 0.999968 0.000000
1217794863435 0.999968 0.000000
1217916178478 0.999968 0.158655
1218037493521 1.000000 0.000000
1218158808564 0.998650 0.999968
1218280123607 0.999968 0.999968
1218401438650 0.999968 0.999968
1218522753693 0.999968 0.998650
1218644068736 0.999968 0.999968
1218765383779 0.999968 0.999968
1218886698822 0.999968 0.998650
